[2024-08-06T10:49:35.706009+00:00] app.INFO: Database connection established. [] []
[2024-08-06T10:49:35.709811+00:00] app.INFO: Executed SELECT query: SELECT * FROM `news` [] []
[2024-08-06T10:49:35.710115+00:00] app.INFO: Listed news articles. [] []
[2024-08-06T10:49:35.710176+00:00] app.INFO: Prepared SQL statement: SELECT * FROM `comment` WHERE `news_id` = :news_id [] []
[2024-08-06T10:49:35.710684+00:00] app.INFO: Listed comments for news ID 1. [] []
[2024-08-06T10:49:35.710744+00:00] app.INFO: Prepared SQL statement: SELECT * FROM `comment` WHERE `news_id` = :news_id [] []
[2024-08-06T10:49:35.710954+00:00] app.INFO: Listed comments for news ID 2. [] []
[2024-08-06T10:49:35.711005+00:00] app.INFO: Prepared SQL statement: SELECT * FROM `comment` WHERE `news_id` = :news_id [] []
[2024-08-06T10:49:35.712683+00:00] app.INFO: Listed comments for news ID 3. [] []
[2024-08-06T11:44:25.491554+00:00] app.INFO: Database connection established. [] []
[2024-08-06T11:44:25.492870+00:00] app.INFO: Executed SELECT query: SELECT * FROM `news` [] []
[2024-08-06T11:45:04.247915+00:00] app.INFO: Database connection established. [] []
[2024-08-06T11:45:04.252131+00:00] app.INFO: Executed SELECT query: SELECT * FROM `news` [] []
[2024-08-06T11:45:04.768682+00:00] app.INFO: Database connection established. [] []
[2024-08-06T11:45:04.769426+00:00] app.INFO: Executed SELECT query: SELECT * FROM `news` [] []
[2024-08-06T11:45:04.938476+00:00] app.INFO: Database connection established. [] []
[2024-08-06T11:45:04.939155+00:00] app.INFO: Executed SELECT query: SELECT * FROM `news` [] []
[2024-08-06T11:45:06.628159+00:00] app.INFO: Database connection established. [] []
[2024-08-06T11:45:06.629054+00:00] app.INFO: Executed SELECT query: SELECT * FROM `news` [] []
[2024-08-06T11:45:06.922788+00:00] app.INFO: Database connection established. [] []
[2024-08-06T11:45:06.923608+00:00] app.INFO: Executed SELECT query: SELECT * FROM `news` [] []
[2024-08-06T11:45:07.130292+00:00] app.INFO: Database connection established. [] []
[2024-08-06T11:45:07.133398+00:00] app.INFO: Executed SELECT query: SELECT * FROM `news` [] []
[2024-08-06T11:45:07.316463+00:00] app.INFO: Database connection established. [] []
[2024-08-06T11:45:07.317383+00:00] app.INFO: Executed SELECT query: SELECT * FROM `news` [] []
[2024-08-06T11:45:07.480254+00:00] app.INFO: Database connection established. [] []
[2024-08-06T11:45:07.481976+00:00] app.INFO: Executed SELECT query: SELECT * FROM `news` [] []
[2024-08-06T11:45:07.826941+00:00] app.INFO: Database connection established. [] []
[2024-08-06T11:45:07.829344+00:00] app.INFO: Executed SELECT query: SELECT * FROM `news` [] []
[2024-08-06T11:45:20.231977+00:00] app.INFO: Database connection established. [] []
[2024-08-06T11:45:20.232791+00:00] app.INFO: Executed SELECT query: SELECT * FROM `news` [] []
[2024-08-06T11:45:20.738137+00:00] app.INFO: Database connection established. [] []
[2024-08-06T11:45:20.742220+00:00] app.INFO: Executed SELECT query: SELECT * FROM `news` [] []
[2024-08-06T11:45:20.916681+00:00] app.INFO: Database connection established. [] []
[2024-08-06T11:45:20.917190+00:00] app.INFO: Executed SELECT query: SELECT * FROM `news` [] []
[2024-08-06T11:45:44.322793+00:00] app.INFO: Database connection established. [] []
[2024-08-06T11:45:44.326323+00:00] app.INFO: Executed SELECT query: SELECT * FROM `news` [] []
[2024-08-06T11:45:44.327505+00:00] app.INFO: Listed news articles. [] []
[2024-08-06T11:45:44.327544+00:00] app.INFO: Prepared SQL statement: SELECT * FROM `comment` WHERE `news_id` = :news_id [] []
[2024-08-06T11:45:44.372957+00:00] app.INFO: Listed comments for news ID 1. [] []
[2024-08-06T11:45:44.373030+00:00] app.INFO: Prepared SQL statement: SELECT * FROM `comment` WHERE `news_id` = :news_id [] []
[2024-08-06T11:45:44.373541+00:00] app.INFO: Listed comments for news ID 2. [] []
[2024-08-06T11:45:44.373594+00:00] app.INFO: Prepared SQL statement: SELECT * FROM `comment` WHERE `news_id` = :news_id [] []
[2024-08-06T11:45:44.373862+00:00] app.INFO: Listed comments for news ID 3. [] []
[2024-08-06T11:45:44.946069+00:00] app.INFO: Database connection established. [] []
[2024-08-06T11:45:44.947619+00:00] app.INFO: Executed SELECT query: SELECT * FROM `news` [] []
[2024-08-06T11:45:44.948189+00:00] app.INFO: Listed news articles. [] []
[2024-08-06T11:45:44.948244+00:00] app.INFO: Prepared SQL statement: SELECT * FROM `comment` WHERE `news_id` = :news_id [] []
[2024-08-06T11:45:44.949758+00:00] app.INFO: Listed comments for news ID 1. [] []
[2024-08-06T11:45:44.949917+00:00] app.INFO: Prepared SQL statement: SELECT * FROM `comment` WHERE `news_id` = :news_id [] []
[2024-08-06T11:45:44.950204+00:00] app.INFO: Listed comments for news ID 2. [] []
[2024-08-06T11:45:44.950240+00:00] app.INFO: Prepared SQL statement: SELECT * FROM `comment` WHERE `news_id` = :news_id [] []
[2024-08-06T11:45:44.950651+00:00] app.INFO: Listed comments for news ID 3. [] []
